<?xml version="1.0" encoding="UTF-8"?>
<testsuite xmlns:xsi="http://www.w3.org/2001/XMLSchema-instance" xsi:noNamespaceSchemaLocation="https://maven.apache.org/surefire/maven-surefire-plugin/xsd/surefire-test-report.xsd" name="ro.tuc.ds2020.controllers.PersonControllerUnitTest" time="13.051" tests="4" errors="0" skipped="0" failures="0">
  <properties>
[...]
</properties>
  <testcase name="insertPersonTestFailsDueToAge" classname="ro.tuc.ds2020.controllers.PersonControllerUnitTest" time="0.321"/>
  <testcase name="insertPersonTest" classname="ro.tuc.ds2020.controllers.PersonControllerUnitTest" time="0.034"/>
  <testcase name="insertPersonTestFailsDueToNull" classname="ro.tuc.ds2020.controllers.PersonControllerUnitTest" time="0.015"/>
  <testcase name="contextLoads" classname="ro.tuc.ds2020.controllers.PersonControllerUnitTest" time="0.003"/>
</testsuite>